[ 2016-01-08T09:50:16+08:00 ] 127.0.0.1 /zsfb/admin/index.php?s=/AutoResponse/index.html
INFO: [ route_check ] --START--
INFO: CheckRoute Behavior ::run [ RunTime:0.000965s ]
INFO: [ route_check ] --END-- [ RunTime:0.001155s ]
INFO: [ app_begin ] --START--
INFO: ReadHtmlCache Behavior ::run [ RunTime:0.000787s ]
INFO: [ app_begin ] --END-- [ RunTime:0.000964s ]
INFO: [ view_parse ] --START--
INFO: ParseTemplate Behavior ::run [ RunTime:0.014878s ]
INFO: [ view_parse ] --END-- [ RunTime:0.015073s ]
INFO: [ view_filter ] --START--
INFO: ContentReplace Behavior ::run [ RunTime:0.000699s ]
INFO: TokenBuild Behavior ::run [ RunTime:0.000709s ]
INFO: WriteHtmlCache Behavior ::run [ RunTime:0.000512s ]
INFO: ShowRuntime Behavior ::run [ RunTime:0.000829s ]
INFO: [ view_filter ] --END-- [ RunTime:0.003220s ]
INFO: [ view_end ] --START--
INFO: ShowPageTrace Behavior ::run [ RunTime:0.001120s ]
INFO: [ view_end ] --END-- [ RunTime:0.001334s ]

[ 2016-01-08T09:50:19+08:00 ] 127.0.0.1 /zsfb/admin/index.php?s=/AutoResponse/tableAJAX.html&draw=1&columns%5B0%5D%5Bdata%5D=0&columns%5B0%5D%5Bname%5D=&columns%5B0%5D%5Bsearchable%5D=true&columns%5B0%5D%5Borderable%5D=true&columns%5B0%5D%5Bsearch%5D%5Bvalue%5D=&columns%5B0%5D%5Bsearch%5D%5Bregex%5D=false&columns%5B1%5D%5Bdata%5D=1&columns%5B1%5D%5Bname%5D=&columns%5B1%5D%5Bsearchable%5D=true&columns%5B1%5D%5Borderable%5D=true&columns%5B1%5D%5Bsearch%5D%5Bvalue%5D=&columns%5B1%5D%5Bsearch%5D%5Bregex%5D=false&columns%5B2%5D%5Bdata%5D=2&columns%5B2%5D%5Bname%5D=&columns%5B2%5D%5Bsearchable%5D=true&columns%5B2%5D%5Borderable%5D=true&columns%5B2%5D%5Bsearch%5D%5Bvalue%5D=&columns%5B2%5D%5Bsearch%5D%5Bregex%5D=false&order%5B0%5D%5Bcolumn%5D=0&order%5B0%5D%5Bdir%5D=asc&start=0&length=10&search%5Bvalue%5D=&search%5Bregex%5D=false&_=1452217815783
INFO: [ route_check ] --START--
INFO: CheckRoute Behavior ::run [ RunTime:0.000837s ]
INFO: [ route_check ] --END-- [ RunTime:0.001019s ]
INFO: [ app_begin ] --START--
INFO: ReadHtmlCache Behavior ::run [ RunTime:0.000690s ]
INFO: [ app_begin ] --END-- [ RunTime:0.000828s ]
SQL: SHOW COLUMNS FROM `auto_response` [ RunTime:0.002628s ]
SQL: SELECT COUNT(*) AS tp_count FROM `auto_response` LIMIT 1   [ RunTime:0.001013s ]
SQL: SELECT * FROM `auto_response` ORDER BY id desc LIMIT 0,10   [ RunTime:0.001223s ]

[ 2016-01-08T09:51:41+08:00 ] 127.0.0.1 /zsfb/admin/index.php?s=/AutoResponse/index.html
INFO: [ route_check ] --START--
INFO: CheckRoute Behavior ::run [ RunTime:0.001112s ]
INFO: [ route_check ] --END-- [ RunTime:0.001294s ]
INFO: [ app_begin ] --START--
INFO: ReadHtmlCache Behavior ::run [ RunTime:0.000903s ]
INFO: [ app_begin ] --END-- [ RunTime:0.001068s ]
INFO: [ view_parse ] --START--
INFO: ParseTemplate Behavior ::run [ RunTime:0.015210s ]
INFO: [ view_parse ] --END-- [ RunTime:0.015395s ]
INFO: [ view_filter ] --START--
INFO: ContentReplace Behavior ::run [ RunTime:0.000850s ]
INFO: TokenBuild Behavior ::run [ RunTime:0.000785s ]
INFO: WriteHtmlCache Behavior ::run [ RunTime:0.000533s ]
INFO: ShowRuntime Behavior ::run [ RunTime:0.000839s ]
INFO: [ view_filter ] --END-- [ RunTime:0.003453s ]
INFO: [ view_end ] --START--
INFO: ShowPageTrace Behavior ::run [ RunTime:0.000776s ]
INFO: [ view_end ] --END-- [ RunTime:0.000962s ]

[ 2016-01-08T09:51:44+08:00 ] 127.0.0.1 /zsfb/admin/index.php?s=/AutoResponse/tableAJAX.html&draw=1&columns%5B0%5D%5Bdata%5D=0&columns%5B0%5D%5Bname%5D=&columns%5B0%5D%5Bsearchable%5D=true&columns%5B0%5D%5Borderable%5D=true&columns%5B0%5D%5Bsearch%5D%5Bvalue%5D=&columns%5B0%5D%5Bsearch%5D%5Bregex%5D=false&columns%5B1%5D%5Bdata%5D=1&columns%5B1%5D%5Bname%5D=&columns%5B1%5D%5Bsearchable%5D=true&columns%5B1%5D%5Borderable%5D=true&columns%5B1%5D%5Bsearch%5D%5Bvalue%5D=&columns%5B1%5D%5Bsearch%5D%5Bregex%5D=false&columns%5B2%5D%5Bdata%5D=2&columns%5B2%5D%5Bname%5D=&columns%5B2%5D%5Bsearchable%5D=true&columns%5B2%5D%5Borderable%5D=true&columns%5B2%5D%5Bsearch%5D%5Bvalue%5D=&columns%5B2%5D%5Bsearch%5D%5Bregex%5D=false&order%5B0%5D%5Bcolumn%5D=0&order%5B0%5D%5Bdir%5D=asc&start=0&length=10&search%5Bvalue%5D=&search%5Bregex%5D=false&_=1452217900284
INFO: [ route_check ] --START--
INFO: CheckRoute Behavior ::run [ RunTime:0.000879s ]
INFO: [ route_check ] --END-- [ RunTime:0.001059s ]
INFO: [ app_begin ] --START--
INFO: ReadHtmlCache Behavior ::run [ RunTime:0.000769s ]
INFO: [ app_begin ] --END-- [ RunTime:0.000906s ]
SQL: SHOW COLUMNS FROM `auto_response` [ RunTime:0.002009s ]
SQL: SELECT COUNT(*) AS tp_count FROM `auto_response` LIMIT 1   [ RunTime:0.000969s ]
SQL: SELECT * FROM `auto_response` ORDER BY id desc LIMIT 0,10   [ RunTime:0.001218s ]

[ 2016-01-08T09:52:29+08:00 ] 127.0.0.1 /zsfb/admin/index.php?s=/AutoResponse/index.html
INFO: [ route_check ] --START--
INFO: CheckRoute Behavior ::run [ RunTime:0.000906s ]
INFO: [ route_check ] --END-- [ RunTime:0.001079s ]
INFO: [ app_begin ] --START--
INFO: ReadHtmlCache Behavior ::run [ RunTime:0.001011s ]
INFO: [ app_begin ] --END-- [ RunTime:0.001178s ]
INFO: [ view_parse ] --START--
INFO: ParseTemplate Behavior ::run [ RunTime:0.015442s ]
INFO: [ view_parse ] --END-- [ RunTime:0.015626s ]
INFO: [ view_filter ] --START--
INFO: ContentReplace Behavior ::run [ RunTime:0.000729s ]
INFO: TokenBuild Behavior ::run [ RunTime:0.000700s ]
INFO: WriteHtmlCache Behavior ::run [ RunTime:0.000469s ]
INFO: ShowRuntime Behavior ::run [ RunTime:0.000783s ]
INFO: [ view_filter ] --END-- [ RunTime:0.003126s ]
INFO: [ view_end ] --START--
INFO: ShowPageTrace Behavior ::run [ RunTime:0.000747s ]
INFO: [ view_end ] --END-- [ RunTime:0.000916s ]

[ 2016-01-08T09:52:32+08:00 ] 127.0.0.1 /zsfb/admin/index.php?s=/AutoResponse/tableAJAX.html&draw=1&columns%5B0%5D%5Bdata%5D=0&columns%5B0%5D%5Bname%5D=&columns%5B0%5D%5Bsearchable%5D=true&columns%5B0%5D%5Borderable%5D=true&columns%5B0%5D%5Bsearch%5D%5Bvalue%5D=&columns%5B0%5D%5Bsearch%5D%5Bregex%5D=false&columns%5B1%5D%5Bdata%5D=1&columns%5B1%5D%5Bname%5D=&columns%5B1%5D%5Bsearchable%5D=true&columns%5B1%5D%5Borderable%5D=true&columns%5B1%5D%5Bsearch%5D%5Bvalue%5D=&columns%5B1%5D%5Bsearch%5D%5Bregex%5D=false&columns%5B2%5D%5Bdata%5D=2&columns%5B2%5D%5Bname%5D=&columns%5B2%5D%5Bsearchable%5D=true&columns%5B2%5D%5Borderable%5D=true&columns%5B2%5D%5Bsearch%5D%5Bvalue%5D=&columns%5B2%5D%5Bsearch%5D%5Bregex%5D=false&order%5B0%5D%5Bcolumn%5D=0&order%5B0%5D%5Bdir%5D=asc&start=0&length=10&search%5Bvalue%5D=&search%5Bregex%5D=false&_=1452217948915
INFO: [ route_check ] --START--
INFO: CheckRoute Behavior ::run [ RunTime:0.000968s ]
INFO: [ route_check ] --END-- [ RunTime:0.001158s ]
INFO: [ app_begin ] --START--
INFO: ReadHtmlCache Behavior ::run [ RunTime:0.000812s ]
INFO: [ app_begin ] --END-- [ RunTime:0.000954s ]
SQL: SHOW COLUMNS FROM `auto_response` [ RunTime:0.002049s ]
SQL: SELECT COUNT(*) AS tp_count FROM `auto_response` LIMIT 1   [ RunTime:0.001012s ]
SQL: SELECT * FROM `auto_response` ORDER BY id desc LIMIT 0,10   [ RunTime:0.001255s ]

[ 2016-01-08T09:52:56+08:00 ] 127.0.0.1 /zsfb/admin/index.php?s=/Upload/pictuieUpload/PHPSESSID/d9pqlhd3oar1ck6mbka01bsan0.html
INFO: [ route_check ] --START--
INFO: CheckRoute Behavior ::run [ RunTime:0.000895s ]
INFO: [ route_check ] --END-- [ RunTime:0.001066s ]
INFO: [ app_begin ] --START--
INFO: ReadHtmlCache Behavior ::run [ RunTime:0.000766s ]
INFO: [ app_begin ] --END-- [ RunTime:0.000935s ]
NOTIC: [2] mkdir() [<a href='function.mkdir'>function.mkdir</a>]: No such file or directory D:\soft\Apache Software Foundation\Apache2.2\htdocs\zsfb\admin\Lib\Action\UploadAction.class.php 第 58 行.
NOTIC: [2] copy(../index/vote/Uploads/Picture/20160108/568f16772ba12.jpg) [<a href='function.copy'>function.copy</a>]: failed to open stream: No such file or directory D:\soft\Apache Software Foundation\Apache2.2\htdocs\zsfb\admin\Lib\Action\UploadAction.class.php 第 60 行.

[ 2016-01-08T09:54:48+08:00 ] 127.0.0.1 /zsfb/admin/index.php?s=/AutoResponse/index.html
INFO: [ route_check ] --START--
INFO: CheckRoute Behavior ::run [ RunTime:0.000971s ]
INFO: [ route_check ] --END-- [ RunTime:0.001142s ]
INFO: [ app_begin ] --START--
INFO: ReadHtmlCache Behavior ::run [ RunTime:0.000859s ]
INFO: [ app_begin ] --END-- [ RunTime:0.001024s ]
INFO: [ view_parse ] --START--
INFO: ParseTemplate Behavior ::run [ RunTime:0.014948s ]
INFO: [ view_parse ] --END-- [ RunTime:0.015128s ]
INFO: [ view_filter ] --START--
INFO: ContentReplace Behavior ::run [ RunTime:0.000835s ]
INFO: TokenBuild Behavior ::run [ RunTime:0.000753s ]
INFO: WriteHtmlCache Behavior ::run [ RunTime:0.000495s ]
INFO: ShowRuntime Behavior ::run [ RunTime:0.000865s ]
INFO: [ view_filter ] --END-- [ RunTime:0.003405s ]
INFO: [ view_end ] --START--
INFO: ShowPageTrace Behavior ::run [ RunTime:0.000769s ]
INFO: [ view_end ] --END-- [ RunTime:0.000937s ]

[ 2016-01-08T09:54:51+08:00 ] 127.0.0.1 /zsfb/admin/index.php?s=/AutoResponse/tableAJAX.html&draw=1&columns%5B0%5D%5Bdata%5D=0&columns%5B0%5D%5Bname%5D=&columns%5B0%5D%5Bsearchable%5D=true&columns%5B0%5D%5Borderable%5D=true&columns%5B0%5D%5Bsearch%5D%5Bvalue%5D=&columns%5B0%5D%5Bsearch%5D%5Bregex%5D=false&columns%5B1%5D%5Bdata%5D=1&columns%5B1%5D%5Bname%5D=&columns%5B1%5D%5Bsearchable%5D=true&columns%5B1%5D%5Borderable%5D=true&columns%5B1%5D%5Bsearch%5D%5Bvalue%5D=&columns%5B1%5D%5Bsearch%5D%5Bregex%5D=false&columns%5B2%5D%5Bdata%5D=2&columns%5B2%5D%5Bname%5D=&columns%5B2%5D%5Bsearchable%5D=true&columns%5B2%5D%5Borderable%5D=true&columns%5B2%5D%5Bsearch%5D%5Bvalue%5D=&columns%5B2%5D%5Bsearch%5D%5Bregex%5D=false&order%5B0%5D%5Bcolumn%5D=0&order%5B0%5D%5Bdir%5D=asc&start=0&length=10&search%5Bvalue%5D=&search%5Bregex%5D=false&_=1452218087146
INFO: [ route_check ] --START--
INFO: CheckRoute Behavior ::run [ RunTime:0.000794s ]
INFO: [ route_check ] --END-- [ RunTime:0.000968s ]
INFO: [ app_begin ] --START--
INFO: ReadHtmlCache Behavior ::run [ RunTime:0.000760s ]
INFO: [ app_begin ] --END-- [ RunTime:0.000898s ]
SQL: SHOW COLUMNS FROM `auto_response` [ RunTime:0.002303s ]
SQL: SELECT COUNT(*) AS tp_count FROM `auto_response` LIMIT 1   [ RunTime:0.001007s ]
SQL: SELECT * FROM `auto_response` ORDER BY id desc LIMIT 0,10   [ RunTime:0.001257s ]

[ 2016-01-08T09:55:57+08:00 ] 127.0.0.1 /zsfb/admin/index.php?s=/AutoResponse/index.html
INFO: [ route_check ] --START--
INFO: CheckRoute Behavior ::run [ RunTime:0.000838s ]
INFO: [ route_check ] --END-- [ RunTime:0.001018s ]
INFO: [ app_begin ] --START--
INFO: ReadHtmlCache Behavior ::run [ RunTime:0.000767s ]
INFO: [ app_begin ] --END-- [ RunTime:0.000931s ]
INFO: [ view_parse ] --START--
INFO: ParseTemplate Behavior ::run [ RunTime:0.015566s ]
INFO: [ view_parse ] --END-- [ RunTime:0.015745s ]
INFO: [ view_filter ] --START--
INFO: ContentReplace Behavior ::run [ RunTime:0.000794s ]
INFO: TokenBuild Behavior ::run [ RunTime:0.000729s ]
INFO: WriteHtmlCache Behavior ::run [ RunTime:0.000516s ]
INFO: ShowRuntime Behavior ::run [ RunTime:0.000814s ]
INFO: [ view_filter ] --END-- [ RunTime:0.003303s ]
INFO: [ view_end ] --START--
INFO: ShowPageTrace Behavior ::run [ RunTime:0.000789s ]
INFO: [ view_end ] --END-- [ RunTime:0.000984s ]

[ 2016-01-08T09:56:01+08:00 ] 127.0.0.1 /zsfb/admin/index.php?s=/AutoResponse/tableAJAX.html&draw=1&columns%5B0%5D%5Bdata%5D=0&columns%5B0%5D%5Bname%5D=&columns%5B0%5D%5Bsearchable%5D=true&columns%5B0%5D%5Borderable%5D=true&columns%5B0%5D%5Bsearch%5D%5Bvalue%5D=&columns%5B0%5D%5Bsearch%5D%5Bregex%5D=false&columns%5B1%5D%5Bdata%5D=1&columns%5B1%5D%5Bname%5D=&columns%5B1%5D%5Bsearchable%5D=true&columns%5B1%5D%5Borderable%5D=true&columns%5B1%5D%5Bsearch%5D%5Bvalue%5D=&columns%5B1%5D%5Bsearch%5D%5Bregex%5D=false&columns%5B2%5D%5Bdata%5D=2&columns%5B2%5D%5Bname%5D=&columns%5B2%5D%5Bsearchable%5D=true&columns%5B2%5D%5Borderable%5D=true&columns%5B2%5D%5Bsearch%5D%5Bvalue%5D=&columns%5B2%5D%5Bsearch%5D%5Bregex%5D=false&order%5B0%5D%5Bcolumn%5D=0&order%5B0%5D%5Bdir%5D=asc&start=0&length=10&search%5Bvalue%5D=&search%5Bregex%5D=false&_=1452218157050
INFO: [ route_check ] --START--
INFO: CheckRoute Behavior ::run [ RunTime:0.000865s ]
INFO: [ route_check ] --END-- [ RunTime:0.001048s ]
INFO: [ app_begin ] --START--
INFO: ReadHtmlCache Behavior ::run [ RunTime:0.000749s ]
INFO: [ app_begin ] --END-- [ RunTime:0.000883s ]
SQL: SHOW COLUMNS FROM `auto_response` [ RunTime:0.001989s ]
SQL: SELECT COUNT(*) AS tp_count FROM `auto_response` LIMIT 1   [ RunTime:0.000947s ]
SQL: SELECT * FROM `auto_response` ORDER BY id desc LIMIT 0,10   [ RunTime:0.001255s ]

[ 2016-01-08T15:13:57+08:00 ] 127.0.0.1 /zsfb/admin/index.php?s=/AutoResponse/index.html
INFO: [ route_check ] --START--
INFO: CheckRoute Behavior ::run [ RunTime:0.000951s ]
INFO: [ route_check ] --END-- [ RunTime:0.001139s ]
INFO: [ app_begin ] --START--
INFO: ReadHtmlCache Behavior ::run [ RunTime:0.000750s ]
INFO: [ app_begin ] --END-- [ RunTime:0.000912s ]
INFO: [ view_parse ] --START--
INFO: ParseTemplate Behavior ::run [ RunTime:0.015110s ]
INFO: [ view_parse ] --END-- [ RunTime:0.015287s ]
INFO: [ view_filter ] --START--
INFO: ContentReplace Behavior ::run [ RunTime:0.000780s ]
INFO: TokenBuild Behavior ::run [ RunTime:0.000700s ]
INFO: WriteHtmlCache Behavior ::run [ RunTime:0.000479s ]
INFO: ShowRuntime Behavior ::run [ RunTime:0.000818s ]
INFO: [ view_filter ] --END-- [ RunTime:0.003221s ]
INFO: [ view_end ] --START--
INFO: ShowPageTrace Behavior ::run [ RunTime:0.001476s ]
INFO: [ view_end ] --END-- [ RunTime:0.001702s ]

[ 2016-01-08T15:14:01+08:00 ] 127.0.0.1 /zsfb/admin/index.php?s=/AutoResponse/tableAJAX.html&draw=1&columns%5B0%5D%5Bdata%5D=0&columns%5B0%5D%5Bname%5D=&columns%5B0%5D%5Bsearchable%5D=true&columns%5B0%5D%5Borderable%5D=true&columns%5B0%5D%5Bsearch%5D%5Bvalue%5D=&columns%5B0%5D%5Bsearch%5D%5Bregex%5D=false&columns%5B1%5D%5Bdata%5D=1&columns%5B1%5D%5Bname%5D=&columns%5B1%5D%5Bsearchable%5D=true&columns%5B1%5D%5Borderable%5D=true&columns%5B1%5D%5Bsearch%5D%5Bvalue%5D=&columns%5B1%5D%5Bsearch%5D%5Bregex%5D=false&columns%5B2%5D%5Bdata%5D=2&columns%5B2%5D%5Bname%5D=&columns%5B2%5D%5Bsearchable%5D=true&columns%5B2%5D%5Borderable%5D=true&columns%5B2%5D%5Bsearch%5D%5Bvalue%5D=&columns%5B2%5D%5Bsearch%5D%5Bregex%5D=false&order%5B0%5D%5Bcolumn%5D=0&order%5B0%5D%5Bdir%5D=asc&start=0&length=10&search%5Bvalue%5D=&search%5Bregex%5D=false&_=1452237237046
INFO: [ route_check ] --START--
INFO: CheckRoute Behavior ::run [ RunTime:0.000843s ]
INFO: [ route_check ] --END-- [ RunTime:0.001026s ]
INFO: [ app_begin ] --START--
INFO: ReadHtmlCache Behavior ::run [ RunTime:0.000676s ]
INFO: [ app_begin ] --END-- [ RunTime:0.000805s ]
SQL: SHOW COLUMNS FROM `auto_response` [ RunTime:0.002729s ]
SQL: SELECT COUNT(*) AS tp_count FROM `auto_response` LIMIT 1   [ RunTime:0.001106s ]
SQL: SELECT * FROM `auto_response` ORDER BY id desc LIMIT 0,10   [ RunTime:0.001318s ]

[ 2016-01-08T15:15:22+08:00 ] 127.0.0.1 /zsfb/admin/index.php?s=/AutoResponse/index.html
INFO: [ route_check ] --START--
INFO: CheckRoute Behavior ::run [ RunTime:0.000929s ]
INFO: [ route_check ] --END-- [ RunTime:0.001140s ]
INFO: [ app_begin ] --START--
INFO: ReadHtmlCache Behavior ::run [ RunTime:0.000788s ]
INFO: [ app_begin ] --END-- [ RunTime:0.000950s ]
INFO: [ view_parse ] --START--
INFO: ParseTemplate Behavior ::run [ RunTime:0.015840s ]
INFO: [ view_parse ] --END-- [ RunTime:0.016031s ]
INFO: [ view_filter ] --START--
INFO: ContentReplace Behavior ::run [ RunTime:0.000884s ]
INFO: TokenBuild Behavior ::run [ RunTime:0.000693s ]
INFO: WriteHtmlCache Behavior ::run [ RunTime:0.000504s ]
INFO: ShowRuntime Behavior ::run [ RunTime:0.000798s ]
INFO: [ view_filter ] --END-- [ RunTime:0.003329s ]
INFO: [ view_end ] --START--
INFO: ShowPageTrace Behavior ::run [ RunTime:0.000867s ]
INFO: [ view_end ] --END-- [ RunTime:0.001072s ]

[ 2016-01-08T15:15:25+08:00 ] 127.0.0.1 /zsfb/admin/index.php?s=/AutoResponse/tableAJAX.html&draw=1&columns%5B0%5D%5Bdata%5D=0&columns%5B0%5D%5Bname%5D=&columns%5B0%5D%5Bsearchable%5D=true&columns%5B0%5D%5Borderable%5D=true&columns%5B0%5D%5Bsearch%5D%5Bvalue%5D=&columns%5B0%5D%5Bsearch%5D%5Bregex%5D=false&columns%5B1%5D%5Bdata%5D=1&columns%5B1%5D%5Bname%5D=&columns%5B1%5D%5Bsearchable%5D=true&columns%5B1%5D%5Borderable%5D=true&columns%5B1%5D%5Bsearch%5D%5Bvalue%5D=&columns%5B1%5D%5Bsearch%5D%5Bregex%5D=false&columns%5B2%5D%5Bdata%5D=2&columns%5B2%5D%5Bname%5D=&columns%5B2%5D%5Bsearchable%5D=true&columns%5B2%5D%5Borderable%5D=true&columns%5B2%5D%5Bsearch%5D%5Bvalue%5D=&columns%5B2%5D%5Bsearch%5D%5Bregex%5D=false&order%5B0%5D%5Bcolumn%5D=0&order%5B0%5D%5Bdir%5D=asc&start=0&length=10&search%5Bvalue%5D=&search%5Bregex%5D=false&_=1452237321975
INFO: [ route_check ] --START--
INFO: CheckRoute Behavior ::run [ RunTime:0.001009s ]
INFO: [ route_check ] --END-- [ RunTime:0.001221s ]
INFO: [ app_begin ] --START--
INFO: ReadHtmlCache Behavior ::run [ RunTime:0.000654s ]
INFO: [ app_begin ] --END-- [ RunTime:0.000784s ]
SQL: SHOW COLUMNS FROM `auto_response` [ RunTime:0.002264s ]
SQL: SELECT COUNT(*) AS tp_count FROM `auto_response` LIMIT 1   [ RunTime:0.001016s ]
SQL: SELECT * FROM `auto_response` ORDER BY id desc LIMIT 0,10   [ RunTime:0.001206s ]

