[ 2016-01-03T17:57:25+08:00 ] 127.0.0.1 /zsfb/admin/index.php?s=/Login/index.html
INFO: [ route_check ] --START--
INFO: CheckRoute Behavior ::run [ RunTime:0.001059s ]
INFO: [ route_check ] --END-- [ RunTime:0.001275s ]
INFO: [ app_begin ] --START--
INFO: ReadHtmlCache Behavior ::run [ RunTime:0.000838s ]
INFO: [ app_begin ] --END-- [ RunTime:0.001049s ]
INFO: [ view_parse ] --START--
INFO: ParseTemplate Behavior ::run [ RunTime:0.009090s ]
INFO: [ view_parse ] --END-- [ RunTime:0.009266s ]
INFO: [ view_filter ] --START--
INFO: ContentReplace Behavior ::run [ RunTime:0.000788s ]
INFO: TokenBuild Behavior ::run [ RunTime:0.000760s ]
INFO: WriteHtmlCache Behavior ::run [ RunTime:0.000588s ]
INFO: ShowRuntime Behavior ::run [ RunTime:0.000929s ]
INFO: [ view_filter ] --END-- [ RunTime:0.003509s ]
INFO: [ view_end ] --START--
INFO: ShowPageTrace Behavior ::run [ RunTime:0.000954s ]
INFO: [ view_end ] --END-- [ RunTime:0.001115s ]

[ 2016-01-03T18:00:00+08:00 ] 127.0.0.1 /zsfb/admin/index.php?s=/Login/index.html
INFO: [ route_check ] --START--
INFO: CheckRoute Behavior ::run [ RunTime:0.001209s ]
INFO: [ route_check ] --END-- [ RunTime:0.001431s ]
INFO: [ app_begin ] --START--
INFO: ReadHtmlCache Behavior ::run [ RunTime:0.001062s ]
INFO: [ app_begin ] --END-- [ RunTime:0.001234s ]
INFO: [ view_parse ] --START--
INFO: ParseTemplate Behavior ::run [ RunTime:0.010204s ]
INFO: [ view_parse ] --END-- [ RunTime:0.010387s ]
INFO: [ view_filter ] --START--
INFO: ContentReplace Behavior ::run [ RunTime:0.000772s ]
INFO: TokenBuild Behavior ::run [ RunTime:0.000772s ]
INFO: WriteHtmlCache Behavior ::run [ RunTime:0.000608s ]
INFO: ShowRuntime Behavior ::run [ RunTime:0.000937s ]
INFO: [ view_filter ] --END-- [ RunTime:0.003531s ]
INFO: [ view_end ] --START--
INFO: ShowPageTrace Behavior ::run [ RunTime:0.001142s ]
INFO: [ view_end ] --END-- [ RunTime:0.001308s ]

[ 2016-01-03T18:04:06+08:00 ] 127.0.0.1 /zsfb/admin/index.php?s=/Login/login.html
INFO: [ route_check ] --START--
INFO: CheckRoute Behavior ::run [ RunTime:0.001279s ]
INFO: [ route_check ] --END-- [ RunTime:0.001509s ]
INFO: [ app_begin ] --START--
INFO: ReadHtmlCache Behavior ::run [ RunTime:0.000988s ]
INFO: [ app_begin ] --END-- [ RunTime:0.001157s ]
SQL: SHOW COLUMNS FROM `admin` [ RunTime:0.002058s ]
SQL: SELECT * FROM `admin` WHERE ( `name` = 'admin' ) AND ( `password` = 'a8c7c1e8a5df518fef8eb98a04362968' ) LIMIT 1   [ RunTime:0.001430s ]

[ 2016-01-03T18:04:08+08:00 ] 127.0.0.1 /zsfb/admin/index.php?s=/Login/index.html
INFO: [ route_check ] --START--
INFO: CheckRoute Behavior ::run [ RunTime:0.001175s ]
INFO: [ route_check ] --END-- [ RunTime:0.001381s ]
INFO: [ app_begin ] --START--
INFO: ReadHtmlCache Behavior ::run [ RunTime:0.001083s ]
INFO: [ app_begin ] --END-- [ RunTime:0.001251s ]
INFO: [ view_parse ] --START--
INFO: ParseTemplate Behavior ::run [ RunTime:0.009402s ]
INFO: [ view_parse ] --END-- [ RunTime:0.009606s ]
INFO: [ view_filter ] --START--
INFO: ContentReplace Behavior ::run [ RunTime:0.000822s ]
INFO: TokenBuild Behavior ::run [ RunTime:0.000807s ]
INFO: WriteHtmlCache Behavior ::run [ RunTime:0.000570s ]
INFO: ShowRuntime Behavior ::run [ RunTime:0.000876s ]
INFO: [ view_filter ] --END-- [ RunTime:0.003526s ]
INFO: [ view_end ] --START--
INFO: ShowPageTrace Behavior ::run [ RunTime:0.001077s ]
INFO: [ view_end ] --END-- [ RunTime:0.001243s ]

[ 2016-01-03T18:04:09+08:00 ] 127.0.0.1 /zsfb/admin/index.php?s=/Login/login.html
INFO: [ route_check ] --START--
INFO: CheckRoute Behavior ::run [ RunTime:0.000997s ]
INFO: [ route_check ] --END-- [ RunTime:0.001190s ]
INFO: [ app_begin ] --START--
INFO: ReadHtmlCache Behavior ::run [ RunTime:0.000756s ]
INFO: [ app_begin ] --END-- [ RunTime:0.000918s ]
SQL: SHOW COLUMNS FROM `admin` [ RunTime:0.001701s ]
SQL: SELECT * FROM `admin` WHERE ( `name` = 'admin' ) AND ( `password` = '3965c896614da67bb854b96b2ae00bea' ) LIMIT 1   [ RunTime:0.001285s ]

[ 2016-01-03T18:04:11+08:00 ] 127.0.0.1 /zsfb/admin/index.php?s=/Index/index.html
INFO: [ route_check ] --START--
INFO: CheckRoute Behavior ::run [ RunTime:0.000861s ]
INFO: [ route_check ] --END-- [ RunTime:0.001059s ]
INFO: [ app_begin ] --START--
INFO: ReadHtmlCache Behavior ::run [ RunTime:0.000679s ]
INFO: [ app_begin ] --END-- [ RunTime:0.000842s ]
INFO: [ view_parse ] --START--
INFO: ParseTemplate Behavior ::run [ RunTime:0.013835s ]
INFO: [ view_parse ] --END-- [ RunTime:0.014024s ]
INFO: [ view_filter ] --START--
INFO: ContentReplace Behavior ::run [ RunTime:0.000747s ]
INFO: TokenBuild Behavior ::run [ RunTime:0.000731s ]
INFO: WriteHtmlCache Behavior ::run [ RunTime:0.000535s ]
INFO: ShowRuntime Behavior ::run [ RunTime:0.000919s ]
INFO: [ view_filter ] --END-- [ RunTime:0.003431s ]
INFO: [ view_end ] --START--
INFO: ShowPageTrace Behavior ::run [ RunTime:0.001020s ]
INFO: [ view_end ] --END-- [ RunTime:0.001192s ]

[ 2016-01-03T18:06:44+08:00 ] 127.0.0.1 /zsfb/admin/index.php?s=/Index/index.html
INFO: [ route_check ] --START--
INFO: CheckRoute Behavior ::run [ RunTime:0.000994s ]
INFO: [ route_check ] --END-- [ RunTime:0.001211s ]
INFO: [ app_begin ] --START--
INFO: ReadHtmlCache Behavior ::run [ RunTime:0.000802s ]
INFO: [ app_begin ] --END-- [ RunTime:0.000967s ]
INFO: [ view_parse ] --START--
INFO: ParseTemplate Behavior ::run [ RunTime:0.012921s ]
INFO: [ view_parse ] --END-- [ RunTime:0.013125s ]
INFO: [ view_filter ] --START--
INFO: ContentReplace Behavior ::run [ RunTime:0.000695s ]
INFO: TokenBuild Behavior ::run [ RunTime:0.000675s ]
INFO: WriteHtmlCache Behavior ::run [ RunTime:0.000509s ]
INFO: ShowRuntime Behavior ::run [ RunTime:0.000825s ]
INFO: [ view_filter ] --END-- [ RunTime:0.003139s ]
INFO: [ view_end ] --START--
INFO: ShowPageTrace Behavior ::run [ RunTime:0.001207s ]
INFO: [ view_end ] --END-- [ RunTime:0.001418s ]

[ 2016-01-03T18:06:47+08:00 ] 127.0.0.1 /zsfb/admin/index.php?s=/AutoResponse/index.html
INFO: [ route_check ] --START--
INFO: CheckRoute Behavior ::run [ RunTime:0.001155s ]
INFO: [ route_check ] --END-- [ RunTime:0.001347s ]
INFO: [ app_begin ] --START--
INFO: ReadHtmlCache Behavior ::run [ RunTime:0.000916s ]
INFO: [ app_begin ] --END-- [ RunTime:0.001077s ]
INFO: [ view_parse ] --START--
INFO: ParseTemplate Behavior ::run [ RunTime:0.014891s ]
INFO: [ view_parse ] --END-- [ RunTime:0.015079s ]
INFO: [ view_filter ] --START--
INFO: ContentReplace Behavior ::run [ RunTime:0.000841s ]
INFO: TokenBuild Behavior ::run [ RunTime:0.000809s ]
INFO: WriteHtmlCache Behavior ::run [ RunTime:0.000640s ]
INFO: ShowRuntime Behavior ::run [ RunTime:0.000924s ]
INFO: [ view_filter ] --END-- [ RunTime:0.003688s ]
INFO: [ view_end ] --START--
INFO: ShowPageTrace Behavior ::run [ RunTime:0.001242s ]
INFO: [ view_end ] --END-- [ RunTime:0.001438s ]

[ 2016-01-03T18:06:50+08:00 ] 127.0.0.1 /zsfb/admin/index.php?s=/Vote/tableAJAX.html&draw=1&columns%5B0%5D%5Bdata%5D=0&columns%5B0%5D%5Bname%5D=&columns%5B0%5D%5Bsearchable%5D=true&columns%5B0%5D%5Borderable%5D=true&columns%5B0%5D%5Bsearch%5D%5Bvalue%5D=&columns%5B0%5D%5Bsearch%5D%5Bregex%5D=false&columns%5B1%5D%5Bdata%5D=1&columns%5B1%5D%5Bname%5D=&columns%5B1%5D%5Bsearchable%5D=true&columns%5B1%5D%5Borderable%5D=true&columns%5B1%5D%5Bsearch%5D%5Bvalue%5D=&columns%5B1%5D%5Bsearch%5D%5Bregex%5D=false&columns%5B2%5D%5Bdata%5D=2&columns%5B2%5D%5Bname%5D=&columns%5B2%5D%5Bsearchable%5D=true&columns%5B2%5D%5Borderable%5D=true&columns%5B2%5D%5Bsearch%5D%5Bvalue%5D=&columns%5B2%5D%5Bsearch%5D%5Bregex%5D=false&columns%5B3%5D%5Bdata%5D=3&columns%5B3%5D%5Bname%5D=&columns%5B3%5D%5Bsearchable%5D=true&columns%5B3%5D%5Borderable%5D=true&columns%5B3%5D%5Bsearch%5D%5Bvalue%5D=&columns%5B3%5D%5Bsearch%5D%5Bregex%5D=false&columns%5B4%5D%5Bdata%5D=4&columns%5B4%5D%5Bname%5D=&columns%5B4%5D%5Bsearchable%5D=true&columns%5B4%5D%5Borderable%5D=true&columns%5B4%5D%5Bsearch%5D%5Bvalue%5D=&columns%5B4%5D%5Bsearch%5D%5Bregex%5D=false&order%5B0%5D%5Bcolumn%5D=0&order%5B0%5D%5Bdir%5D=asc&start=0&length=10&search%5Bvalue%5D=&search%5Bregex%5D=false&_=1451815606125
INFO: [ route_check ] --START--
INFO: CheckRoute Behavior ::run [ RunTime:0.001057s ]
INFO: [ route_check ] --END-- [ RunTime:0.001244s ]
INFO: [ app_begin ] --START--
INFO: ReadHtmlCache Behavior ::run [ RunTime:0.000857s ]
INFO: [ app_begin ] --END-- [ RunTime:0.000999s ]
SQL: SHOW COLUMNS FROM `vote` [ RunTime:0.002776s ]
SQL: SELECT COUNT(*) AS tp_count FROM `vote` LIMIT 1   [ RunTime:0.001477s ]
SQL: SELECT * FROM `vote` ORDER BY id desc LIMIT 0,10   [ RunTime:0.001228s ]

